<?xml version="1.0" encoding="UTF-8"?>
<!-- Generated by org.testng.reporters.JUnitReportReporter -->
<testsuite hostname="DESKTOP-DCTEAPV" failures="0" tests="3" name="tests.LoginTest" time="10.100" errors="0" timestamp="2025-05-12T13:36:40 IST" skipped="0">
  <testcase classname="tests.LoginTest" name="LoginFunc" time="2.867"/>
  <testcase classname="tests.LoginTest" name="LoginFunc" time="2.889"/>
  <testcase classname="tests.LoginTest" name="LoginFunc" time="4.344"/>
</testsuite> <!-- tests.LoginTest -->
