<?xml version="1.0" encoding="UTF-8"?>
<!-- Generated by org.testng.reporters.JUnitReportReporter -->
<testsuite hostname="DESKTOP-DCTEAPV" failures="0" tests="4" name="tests.LoginTest" time="54.996" errors="0" timestamp="2025-05-09T13:07:31 IST" skipped="0">
  <testcase classname="tests.LoginTest" name="LoginFunc" time="26.708"/>
  <testcase classname="tests.LoginTest" name="LoginFunc" time="14.488"/>
  <testcase classname="tests.LoginTest" name="LoginFunc" time="7.007"/>
  <testcase classname="tests.LoginTest" name="LoginFunc" time="6.793"/>
</testsuite> <!-- tests.LoginTest -->
