<?xml version="1.0" encoding="UTF-8"?>
<!-- Generated by org.testng.reporters.JUnitReportReporter -->
<testsuite hostname="DESKTOP-DCTEAPV" failures="0" tests="4" name="tests.LoginTest" time="20.256" errors="0" timestamp="2025-05-09T18:56:24 IST" skipped="0">
  <testcase classname="tests.LoginTest" name="LoginFunc" time="6.598"/>
  <testcase classname="tests.LoginTest" name="LoginFunc" time="4.903"/>
  <testcase classname="tests.LoginTest" name="LoginFunc" time="4.343"/>
  <testcase classname="tests.LoginTest" name="LoginFunc" time="4.412"/>
</testsuite> <!-- tests.LoginTest -->
