<?xml version="1.0" encoding="UTF-8"?>
<!-- Generated by org.testng.reporters.JUnitReportReporter -->
<testsuite hostname="DESKTOP-DCTEAPV" failures="0" tests="4" name="tests.LoginTest" time="10.183" errors="0" timestamp="2025-05-17T16:05:59 IST" skipped="0">
  <testcase classname="tests.LoginTest" name="LoginFunc" time="2.711"/>
  <testcase classname="tests.LoginTest" name="LoginFunc" time="2.628"/>
  <testcase classname="tests.LoginTest" name="LoginFunc" time="2.413"/>
  <testcase classname="tests.LoginTest" name="LoginFunc" time="2.431"/>
</testsuite> <!-- tests.LoginTest -->
