<?xml version="1.0" encoding="UTF-8"?>
<!-- Generated by org.testng.reporters.JUnitReportReporter -->
<testsuite hostname="DESKTOP-DCTEAPV" failures="0" tests="5" name="tests.UserRegistrationTest" time="22.792" errors="0" timestamp="2025-05-12T13:39:06 IST" skipped="0">
  <testcase classname="tests.UserRegistrationTest" name="verifyUser" time="3.941"/>
  <testcase classname="tests.UserRegistrationTest" name="verifyUser" time="4.038"/>
  <testcase classname="tests.UserRegistrationTest" name="adminlogin" time="1.254"/>
  <testcase classname="tests.UserRegistrationTest" name="adduser" time="6.768"/>
  <testcase classname="tests.UserRegistrationTest" name="adduser" time="6.791"/>
</testsuite> <!-- tests.UserRegistrationTest -->
