<?xml version="1.0" encoding="UTF-8"?>
<!-- Generated by org.testng.reporters.JUnitReportReporter -->
<testsuite hostname="DESKTOP-DCTEAPV" failures="0" tests="5" name="tests.UserRegistrationTest" time="17.681" errors="0" timestamp="2025-05-17T16:07:16 IST" skipped="0">
  <testcase classname="tests.UserRegistrationTest" name="verifyUser" time="3.133"/>
  <testcase classname="tests.UserRegistrationTest" name="verifyUser" time="3.002"/>
  <testcase classname="tests.UserRegistrationTest" name="adminlogin" time="0.900"/>
  <testcase classname="tests.UserRegistrationTest" name="adduser" time="5.237"/>
  <testcase classname="tests.UserRegistrationTest" name="adduser" time="5.409"/>
</testsuite> <!-- tests.UserRegistrationTest -->
