<?xml version="1.0" encoding="UTF-8"?>
<!-- Generated by org.testng.reporters.JUnitReportReporter -->
<testsuite hostname="DESKTOP-DCTEAPV" failures="0" tests="4" name="tests.LoginTest" time="53.493" errors="0" timestamp="2025-05-10T11:23:44 IST" skipped="0">
  <testcase classname="tests.LoginTest" name="LoginFunc" time="27.465"/>
  <testcase classname="tests.LoginTest" name="LoginFunc" time="11.194"/>
  <testcase classname="tests.LoginTest" name="LoginFunc" time="7.661"/>
  <testcase classname="tests.LoginTest" name="LoginFunc" time="7.173"/>
</testsuite> <!-- tests.LoginTest -->
