<?xml version="1.0" encoding="UTF-8"?>
<!-- Generated by org.testng.reporters.JUnitReportReporter -->
<testsuite hostname="DESKTOP-DCTEAPV" failures="0" tests="4" name="tests.LoginTest" time="81.926" errors="0" timestamp="2025-05-09T22:17:56 IST" skipped="0">
  <testcase classname="tests.LoginTest" name="LoginFunc" time="60.733"/>
  <testcase classname="tests.LoginTest" name="LoginFunc" time="8.380"/>
  <testcase classname="tests.LoginTest" name="LoginFunc" time="7.059"/>
  <testcase classname="tests.LoginTest" name="LoginFunc" time="5.754"/>
</testsuite> <!-- tests.LoginTest -->
