<?xml version="1.0" encoding="UTF-8"?>
<!-- Generated by org.testng.reporters.JUnitReportReporter -->
<testsuite hostname="DESKTOP-DCTEAPV" failures="0" tests="1" name="tests.LoginTest" time="25.555" errors="0" timestamp="2025-05-06T10:19:29 IST" skipped="0">
  <testcase classname="tests.LoginTest" name="LoginFunc" time="25.555"/>
</testsuite> <!-- tests.LoginTest -->
