<?xml version="1.0" encoding="UTF-8"?>
<!-- Generated by org.testng.reporters.JUnitReportReporter -->
<testsuite hostname="DESKTOP-DCTEAPV" failures="0" tests="3" name="tests.LoginTest" time="27.639" errors="0" timestamp="2025-05-09T11:54:00 IST" skipped="0">
  <testcase classname="tests.LoginTest" name="LoginFunc" time="5.492"/>
  <testcase classname="tests.LoginTest" name="LoginFunc" time="16.240"/>
  <testcase classname="tests.LoginTest" name="LoginFunc" time="5.907"/>
</testsuite> <!-- tests.LoginTest -->
