<?xml version="1.0" encoding="UTF-8"?>
<!-- Generated by org.testng.reporters.JUnitReportReporter -->
<testsuite hostname="DESKTOP-DCTEAPV" failures="0" tests="3" name="tests.LoginTest" time="50.587" errors="0" timestamp="2025-05-08T19:57:35 IST" skipped="0">
  <testcase classname="tests.LoginTest" name="LoginFunc" time="35.492"/>
  <testcase classname="tests.LoginTest" name="LoginFunc" time="5.481"/>
  <testcase classname="tests.LoginTest" name="LoginFunc" time="9.614"/>
</testsuite> <!-- tests.LoginTest -->
