<?xml version="1.0" encoding="UTF-8"?>
<!-- Generated by org.testng.reporters.JUnitReportReporter -->
<testsuite hostname="DESKTOP-DCTEAPV" failures="0" tests="4" name="tests.LoginTest" time="25.675" errors="0" timestamp="2025-05-08T22:16:31 IST" skipped="0">
  <testcase classname="tests.LoginTest" name="LoginFunc" time="5.910"/>
  <testcase classname="tests.LoginTest" name="LoginFunc" time="10.288"/>
  <testcase classname="tests.LoginTest" name="LoginFunc" time="4.732"/>
  <testcase classname="tests.LoginTest" name="LoginFunc" time="4.745"/>
</testsuite> <!-- tests.LoginTest -->
